<?xml version="1.0" encoding="UTF-8"?>
<!-- Generated by org.testng.reporters.JUnitReportReporter -->
<testsuite skipped="0" hostname="LAPTOP-4CFEINIF" name="testcases.LoginPageTest" tests="2" failures="0" timestamp="20 Oct 2021 03:42:59 GMT" time="20.441" errors="0">
  <testcase name="loginPageTitleTest" time="5.367" classname="testcases.LoginPageTest"/>
  <testcase name="verifyloginButtonTest" time="15.074" classname="testcases.LoginPageTest"/>
</testsuite> <!-- testcases.LoginPageTest -->
