<?xml version="1.0" encoding="UTF-8"?>
<!-- Generated by org.testng.reporters.JUnitReportReporter -->
<testsuite skipped="0" hostname="LAPTOP-4CFEINIF" name="testcases.HomePageTest" tests="2" failures="0" timestamp="20 Oct 2021 03:42:58 GMT" time="14.018" errors="0">
  <testcase name="verifyLoginButtonClickTest" time="6.925" classname="testcases.HomePageTest"/>
  <testcase name="verifyHomePageTitleTest" time="7.093" classname="testcases.HomePageTest"/>
</testsuite> <!-- testcases.HomePageTest -->
